<?xml version="1.0" encoding="UTF-8"?>
<coverage generated="1584477570615" clover="3.2.0">
  <project timestamp="1584477570615" name="All files">
    <metrics statements="25" coveredstatements="24" conditionals="23" coveredconditionals="20" methods="4" coveredmethods="4" elements="52" coveredelements="48" complexity="0" loc="25" ncloc="25" packages="2" files="3" classes="3"/>
    <package name="lib">
      <metrics statements="18" coveredstatements="17" conditionals="20" coveredconditionals="19" methods="2" coveredmethods="2"/>
      <file name="app.js" path="/Users/codybrown/alchemy/career-track/Net/lib/app.js">
        <metrics statements="18" coveredstatements="17" conditionals="20" coveredconditionals="19" methods="2" coveredmethods="2"/>
        <line num="1" count="1" type="stmt"/>
        <line num="2" count="1" type="stmt"/>
        <line num="3" count="1" type="stmt"/>
        <line num="5" count="1" type="stmt"/>
        <line num="6" count="5" type="stmt"/>
        <line num="7" count="5" type="stmt"/>
        <line num="8" count="5" type="cond" truecount="4" falsecount="0"/>
        <line num="9" count="1" type="stmt"/>
        <line num="18" count="4" type="cond" truecount="4" falsecount="0"/>
        <line num="19" count="1" type="stmt"/>
        <line num="27" count="3" type="cond" truecount="4" falsecount="0"/>
        <line num="28" count="1" type="stmt"/>
        <line num="37" count="2" type="cond" truecount="4" falsecount="0"/>
        <line num="38" count="1" type="stmt"/>
        <line num="47" count="1" type="cond" truecount="3" falsecount="1"/>
        <line num="48" count="1" type="stmt"/>
        <line num="58" count="0" type="stmt"/>
        <line num="62" count="1" type="stmt"/>
      </file>
    </package>
    <package name="lib.utils">
      <metrics statements="7" coveredstatements="7" conditionals="3" coveredconditionals="1" methods="2" coveredmethods="2"/>
      <file name="createResponse.js" path="/Users/codybrown/alchemy/career-track/Net/lib/utils/createResponse.js">
        <metrics statements="2" coveredstatements="2" conditionals="3" coveredconditionals="1" methods="1" coveredmethods="1"/>
        <line num="1" count="2" type="cond" truecount="1" falsecount="2"/>
        <line num="2" count="6" type="stmt"/>
      </file>
      <file name="parseRequest.js" path="/Users/codybrown/alchemy/career-track/Net/lib/utils/parseRequest.js">
        <metrics statements="5" coveredstatements="5" conditionals="0" coveredconditionals="0" methods="1" coveredmethods="1"/>
        <line num="1" count="2" type="stmt"/>
        <line num="2" count="7" type="stmt"/>
        <line num="6" count="7" type="stmt"/>
        <line num="7" count="7" type="stmt"/>
        <line num="8" count="7" type="stmt"/>
      </file>
    </package>
  </project>
</coverage>
