{"/Users/codybrown/alchemy/career-track/Net/lib/app.js": {"path":"/Users/codybrown/alchemy/career-track/Net/lib/app.js","statementMap":{"0":{"start":{"line":1,"column":12},"end":{"line":1,"column":26}},"1":{"start":{"line":2,"column":21},"end":{"line":2,"column":52}},"2":{"start":{"line":3,"column":23},"end":{"line":3,"column":56}},"3":{"start":{"line":5,"column":12},"end":{"line":60,"column":2}},"4":{"start":{"line":6,"column":2},"end":{"line":59,"column":8}},"5":{"start":{"line":7,"column":20},"end":{"line":7,"column":49}},"6":{"start":{"line":8,"column":4},"end":{"line":59,"column":5}},"7":{"start":{"line":9,"column":6},"end":{"line":17,"column":10}},"8":{"start":{"line":18,"column":11},"end":{"line":59,"column":5}},"9":{"start":{"line":19,"column":6},"end":{"line":26,"column":10}},"10":{"start":{"line":27,"column":11},"end":{"line":59,"column":5}},"11":{"start":{"line":28,"column":6},"end":{"line":36,"column":10}},"12":{"start":{"line":37,"column":11},"end":{"line":59,"column":5}},"13":{"start":{"line":38,"column":6},"end":{"line":46,"column":10}},"14":{"start":{"line":47,"column":11},"end":{"line":59,"column":5}},"15":{"start":{"line":48,"column":6},"end":{"line":56,"column":10}},"16":{"start":{"line":58,"column":10},"end":{"line":58,"column":112}},"17":{"start":{"line":62,"column":0},"end":{"line":62,"column":21}}},"fnMap":{"0":{"name":"(anonymous_0)","decl":{"start":{"line":5,"column":29},"end":{"line":5,"column":30}},"loc":{"start":{"line":5,"column":39},"end":{"line":60,"column":1}},"line":5},"1":{"name":"(anonymous_1)","decl":{"start":{"line":6,"column":20},"end":{"line":6,"column":21}},"loc":{"start":{"line":6,"column":28},"end":{"line":59,"column":6}},"line":6}},"branchMap":{"0":{"loc":{"start":{"line":8,"column":4},"end":{"line":59,"column":5}},"type":"if","locations":[{"start":{"line":8,"column":4},"end":{"line":59,"column":5}},{"start":{"line":8,"column":4},"end":{"line":59,"column":5}}],"line":8},"1":{"loc":{"start":{"line":8,"column":7},"end":{"line":8,"column":55}},"type":"binary-expr","locations":[{"start":{"line":8,"column":7},"end":{"line":8,"column":27}},{"start":{"line":8,"column":31},"end":{"line":8,"column":55}}],"line":8},"2":{"loc":{"start":{"line":18,"column":11},"end":{"line":59,"column":5}},"type":"if","locations":[{"start":{"line":18,"column":11},"end":{"line":59,"column":5}},{"start":{"line":18,"column":11},"end":{"line":59,"column":5}}],"line":18},"3":{"loc":{"start":{"line":18,"column":14},"end":{"line":18,"column":66}},"type":"binary-expr","locations":[{"start":{"line":18,"column":14},"end":{"line":18,"column":38}},{"start":{"line":18,"column":42},"end":{"line":18,"column":66}}],"line":18},"4":{"loc":{"start":{"line":27,"column":11},"end":{"line":59,"column":5}},"type":"if","locations":[{"start":{"line":27,"column":11},"end":{"line":59,"column":5}},{"start":{"line":27,"column":11},"end":{"line":59,"column":5}}],"line":27},"5":{"loc":{"start":{"line":27,"column":14},"end":{"line":27,"column":65}},"type":"binary-expr","locations":[{"start":{"line":27,"column":14},"end":{"line":27,"column":37}},{"start":{"line":27,"column":41},"end":{"line":27,"column":65}}],"line":27},"6":{"loc":{"start":{"line":37,"column":11},"end":{"line":59,"column":5}},"type":"if","locations":[{"start":{"line":37,"column":11},"end":{"line":59,"column":5}},{"start":{"line":37,"column":11},"end":{"line":59,"column":5}}],"line":37},"7":{"loc":{"start":{"line":37,"column":14},"end":{"line":37,"column":67}},"type":"binary-expr","locations":[{"start":{"line":37,"column":14},"end":{"line":37,"column":39}},{"start":{"line":37,"column":43},"end":{"line":37,"column":67}}],"line":37},"8":{"loc":{"start":{"line":47,"column":11},"end":{"line":59,"column":5}},"type":"if","locations":[{"start":{"line":47,"column":11},"end":{"line":59,"column":5}},{"start":{"line":47,"column":11},"end":{"line":59,"column":5}}],"line":47},"9":{"loc":{"start":{"line":47,"column":14},"end":{"line":47,"column":66}},"type":"binary-expr","locations":[{"start":{"line":47,"column":14},"end":{"line":47,"column":38}},{"start":{"line":47,"column":42},"end":{"line":47,"column":66}}],"line":47}},"s":{"0":1,"1":1,"2":1,"3":1,"4":5,"5":5,"6":5,"7":1,"8":4,"9":1,"10":3,"11":1,"12":2,"13":1,"14":1,"15":1,"16":0,"17":1},"f":{"0":5,"1":5},"b":{"0":[1,4],"1":[5,1],"2":[1,3],"3":[4,1],"4":[1,2],"5":[3,1],"6":[1,1],"7":[2,1],"8":[1,0],"9":[1,1]},"_coverageSchema":"1a1c01bbd47fc00a2c39e90264f33305004495a9","hash":"62f06710ef0b8d8ad89e1a252c7c25b511992c7c"}
,"/Users/codybrown/alchemy/career-track/Net/lib/utils/createResponse.js": {"path":"/Users/codybrown/alchemy/career-track/Net/lib/utils/createResponse.js","statementMap":{"0":{"start":{"line":1,"column":0},"end":{"line":11,"column":2}},"1":{"start":{"line":2,"column":2},"end":{"line":9,"column":11}}},"fnMap":{"0":{"name":"(anonymous_0)","decl":{"start":{"line":1,"column":17},"end":{"line":1,"column":18}},"loc":{"start":{"line":1,"column":82},"end":{"line":11,"column":1}},"line":1}},"branchMap":{"0":{"loc":{"start":{"line":1,"column":20},"end":{"line":1,"column":29}},"type":"default-arg","locations":[{"start":{"line":1,"column":27},"end":{"line":1,"column":29}}],"line":1},"1":{"loc":{"start":{"line":1,"column":31},"end":{"line":1,"column":56}},"type":"default-arg","locations":[{"start":{"line":1,"column":45},"end":{"line":1,"column":56}}],"line":1},"2":{"loc":{"start":{"line":1,"column":58},"end":{"line":1,"column":75}},"type":"default-arg","locations":[{"start":{"line":1,"column":67},"end":{"line":1,"column":75}}],"line":1}},"s":{"0":2,"1":6},"f":{"0":6},"b":{"0":[0],"1":[0],"2":[4]},"_coverageSchema":"1a1c01bbd47fc00a2c39e90264f33305004495a9","hash":"4a13f22ea9defaeaefcb0815cef1e67103f69141"}
,"/Users/codybrown/alchemy/career-track/Net/lib/utils/parseRequest.js": {"path":"/Users/codybrown/alchemy/career-track/Net/lib/utils/parseRequest.js","statementMap":{"0":{"start":{"line":1,"column":0},"end":{"line":13,"column":2}},"1":{"start":{"line":2,"column":18},"end":{"line":2,"column":50}},"2":{"start":{"line":6,"column":6},"end":{"line":6,"column":38}},"3":{"start":{"line":7,"column":15},"end":{"line":7,"column":46}},"4":{"start":{"line":8,"column":2},"end":{"line":12,"column":4}}},"fnMap":{"0":{"name":"(anonymous_0)","decl":{"start":{"line":1,"column":17},"end":{"line":1,"column":18}},"loc":{"start":{"line":1,"column":31},"end":{"line":13,"column":1}},"line":1}},"branchMap":{},"s":{"0":2,"1":7,"2":7,"3":7,"4":7},"f":{"0":7},"b":{},"_coverageSchema":"1a1c01bbd47fc00a2c39e90264f33305004495a9","hash":"7b86be06b1949a8e1074c7892cd272d919bfaef0"}
}
