TN:
SF:lib/app.js
FN:5,(anonymous_0)
FN:6,(anonymous_1)
FNF:2
FNH:2
FNDA:5,(anonymous_0)
FNDA:5,(anonymous_1)
DA:1,1
DA:2,1
DA:3,1
DA:5,1
DA:6,5
DA:7,5
DA:8,5
DA:9,1
DA:17,4
DA:18,1
DA:25,3
DA:26,2
DA:35,1
DA:36,0
DA:44,1
DA:45,1
DA:54,0
DA:58,1
LF:18
LH:16
BRDA:8,0,0,1
BRDA:8,0,1,4
BRDA:8,1,0,5
BRDA:8,1,1,1
BRDA:17,2,0,1
BRDA:17,2,1,3
BRDA:17,3,0,4
BRDA:17,3,1,1
BRDA:25,4,0,2
BRDA:25,4,1,1
BRDA:25,5,0,3
BRDA:25,5,1,2
BRDA:35,6,0,0
BRDA:35,6,1,1
BRDA:35,7,0,1
BRDA:35,7,1,0
BRDA:44,8,0,1
BRDA:44,8,1,0
BRDA:44,9,0,1
BRDA:44,9,1,1
BRF:20
BRH:17
end_of_record
TN:
SF:lib/utils/createResponse.js
FN:1,(anonymous_0)
FNF:1
FNH:1
FNDA:6,(anonymous_0)
DA:1,2
DA:2,6
LF:2
LH:2
BRDA:1,0,0,0
BRDA:1,1,0,0
BRDA:1,2,0,4
BRF:3
BRH:1
end_of_record
TN:
SF:lib/utils/parseRequest.js
FN:1,(anonymous_0)
FNF:1
FNH:1
FNDA:7,(anonymous_0)
DA:1,2
DA:2,7
DA:6,7
DA:7,7
DA:8,7
LF:5
LH:5
BRF:0
BRH:0
end_of_record
